<?xml version="1.0" encoding="UTF-8"?>
<testsuite xmlns:xsi="http://www.w3.org/2001/XMLSchema-instance" xsi:noNamespaceSchemaLocation="https://maven.apache.org/surefire/maven-surefire-plugin/xsd/surefire-test-report.xsd" name="firstTask.ReverseTest" time="0.035" tests="14" errors="0" skipped="0" failures="0">
  <properties>
    <property name="java.specification.version" value="17"/>
    <property name="sun.jnu.encoding" value="UTF-8"/>
    <property name="java.class.path" value="/Users/xanthine/IdeaProjects/Anagrams/target/test-classes:/Users/xanthine/IdeaProjects/Anagrams/target/classes:/Users/xanthine/.m2/repository/org/junit/jupiter/junit-jupiter-api/5.8.1/junit-jupiter-api-5.8.1.jar:/Users/xanthine/.m2/repository/org/opentest4j/opentest4j/1.2.0/opentest4j-1.2.0.jar:/Users/xanthine/.m2/repository/org/junit/platform/junit-platform-commons/1.8.1/junit-platform-commons-1.8.1.jar:/Users/xanthine/.m2/repository/org/apiguardian/apiguardian-api/1.1.2/apiguardian-api-1.1.2.jar:/Users/xanthine/.m2/repository/org/junit/jupiter/junit-jupiter-engine/5.8.1/junit-jupiter-engine-5.8.1.jar:/Users/xanthine/.m2/repository/org/junit/platform/junit-platform-engine/1.8.1/junit-platform-engine-1.8.1.jar:"/>
    <property name="java.vm.vendor" value="Oracle Corporation"/>
    <property name="sun.arch.data.model" value="64"/>
    <property name="java.vendor.url" value="https://java.oracle.com/"/>
    <property name="os.name" value="Mac OS X"/>
    <property name="java.vm.specification.version" value="17"/>
    <property name="sun.java.launcher" value="SUN_STANDARD"/>
    <property name="user.country" value="AE"/>
    <property name="sun.boot.library.path" value="/Library/Java/JavaVirtualMachines/jdk-17.0.2.jdk/Contents/Home/lib"/>
    <property name="sun.java.command" value="/Users/xanthine/IdeaProjects/Anagrams/target/surefire/surefirebooter6526270698822618937.jar /Users/xanthine/IdeaProjects/Anagrams/target/surefire 2022-05-18T15-44-10_242-jvmRun1 surefire3501825220894313833tmp surefire_01584718187194666323tmp"/>
    <property name="http.nonProxyHosts" value="local|*.local|169.254/16|*.169.254/16"/>
    <property name="jdk.debug" value="release"/>
    <property name="surefire.test.class.path" value="/Users/xanthine/IdeaProjects/Anagrams/target/test-classes:/Users/xanthine/IdeaProjects/Anagrams/target/classes:/Users/xanthine/.m2/repository/org/junit/jupiter/junit-jupiter-api/5.8.1/junit-jupiter-api-5.8.1.jar:/Users/xanthine/.m2/repository/org/opentest4j/opentest4j/1.2.0/opentest4j-1.2.0.jar:/Users/xanthine/.m2/repository/org/junit/platform/junit-platform-commons/1.8.1/junit-platform-commons-1.8.1.jar:/Users/xanthine/.m2/repository/org/apiguardian/apiguardian-api/1.1.2/apiguardian-api-1.1.2.jar:/Users/xanthine/.m2/repository/org/junit/jupiter/junit-jupiter-engine/5.8.1/junit-jupiter-engine-5.8.1.jar:/Users/xanthine/.m2/repository/org/junit/platform/junit-platform-engine/1.8.1/junit-platform-engine-1.8.1.jar:"/>
    <property name="sun.cpu.endian" value="little"/>
    <property name="user.home" value="/Users/xanthine"/>
    <property name="user.language" value="en"/>
    <property name="java.specification.vendor" value="Oracle Corporation"/>
    <property name="java.version.date" value="2022-01-18"/>
    <property name="java.home" value="/Library/Java/JavaVirtualMachines/jdk-17.0.2.jdk/Contents/Home"/>
    <property name="file.separator" value="/"/>
    <property name="basedir" value="/Users/xanthine/IdeaProjects/Anagrams"/>
    <property name="java.vm.compressedOopsMode" value="Zero based"/>
    <property name="line.separator" value="&#10;"/>
    <property name="java.specification.name" value="Java Platform API Specification"/>
    <property name="java.vm.specification.vendor" value="Oracle Corporation"/>
    <property name="surefire.real.class.path" value="/Users/xanthine/IdeaProjects/Anagrams/target/surefire/surefirebooter6526270698822618937.jar"/>
    <property name="sun.management.compiler" value="HotSpot 64-Bit Tiered Compilers"/>
    <property name="ftp.nonProxyHosts" value="local|*.local|169.254/16|*.169.254/16"/>
    <property name="java.runtime.version" value="17.0.2+8-LTS-86"/>
    <property name="user.name" value="xanthine"/>
    <property name="path.separator" value=":"/>
    <property name="os.version" value="12.3.1"/>
    <property name="java.runtime.name" value="Java(TM) SE Runtime Environment"/>
    <property name="file.encoding" value="UTF-8"/>
    <property name="java.vm.name" value="Java HotSpot(TM) 64-Bit Server VM"/>
    <property name="localRepository" value="/Users/xanthine/.m2/repository"/>
    <property name="java.vendor.url.bug" value="https://bugreport.java.com/bugreport/"/>
    <property name="java.io.tmpdir" value="/var/folders/xr/hln0y3x16k767gjn0h1w5szm0000gp/T/"/>
    <property name="idea.version" value="2022.1.1"/>
    <property name="java.version" value="17.0.2"/>
    <property name="user.dir" value="/Users/xanthine/IdeaProjects/Anagrams"/>
    <property name="os.arch" value="x86_64"/>
    <property name="java.vm.specification.name" value="Java Virtual Machine Specification"/>
    <property name="native.encoding" value="UTF-8"/>
    <property name="java.library.path" value="/Users/xanthine/Library/Java/Extensions:/Library/Java/Extensions:/Network/Library/Java/Extensions:/System/Library/Java/Extensions:/usr/lib/java:."/>
    <property name="java.vm.info" value="mixed mode, sharing"/>
    <property name="java.vendor" value="Oracle Corporation"/>
    <property name="java.vm.version" value="17.0.2+8-LTS-86"/>
    <property name="sun.io.unicode.encoding" value="UnicodeBig"/>
    <property name="socksNonProxyHosts" value="local|*.local|169.254/16|*.169.254/16"/>
    <property name="java.class.version" value="61.0"/>
  </properties>
  <testcase name="stringReverse_shouldReturnReversedWords_whenInputIsSameWordInLowerAndUpperCases" classname="firstTask.ReverseTest" time="0.018"/>
  <testcase name="stringReverse_shouldOutputSeveralSpaces_whenInputIsSeveralSpaces" classname="firstTask.ReverseTest" time="0"/>
  <testcase name="wordReverse_shouldSaveSpaceOnItsStartingPlace_whenInputWordContainsTrailingSpace" classname="firstTask.ReverseTest" time="0.001"/>
  <testcase name="stringReverse_shouldDoNothing_whenEmptyString" classname="firstTask.ReverseTest" time="0"/>
  <testcase name="wordReverse_shouldReturnWordWithReversedOnlyLetters_whenInputWordContainsLettersAndSymbols" classname="firstTask.ReverseTest" time="0"/>
  <testcase name="wordReverse_shouldSaveSpaceOnItsStartingPlace_whenInputWordContainsLeadingSpace" classname="firstTask.ReverseTest" time="0"/>
  <testcase name="stringReverse_shouldReturnReversedStringAndKeepSpaces_whenStringContainsStartingAndTrailingSpaces" classname="firstTask.ReverseTest" time="0"/>
  <testcase name="stringReverse_shouldReturnReversedSeveralDifferentWords_whenInputIsSeveralDifferentWords" classname="firstTask.ReverseTest" time="0.001"/>
  <testcase name="stringReverse_shouldReturnReversedStringOfSameWord_whenInputIsStringOfSameWord" classname="firstTask.ReverseTest" time="0.001"/>
  <testcase name="stringReverse_shouldReturnNull_whenInputIsNull" classname="firstTask.ReverseTest" time="0.001"/>
  <testcase name="wordReverse_shouldReturnSingleCharacter_whenInputIsSingleCharacter" classname="firstTask.ReverseTest" time="0.001"/>
  <testcase name="wordReverse_shouldReturnReversedWord_whenWordContainsDifferentLetters" classname="firstTask.ReverseTest" time="0"/>
  <testcase name="wordReverse_shouldNotChangeWord_whenWordsContainsOnlySymbols" classname="firstTask.ReverseTest" time="0"/>
  <testcase name="stringReverse_shouldOutputSingleSpace_whenInputIsSingleSpace" classname="firstTask.ReverseTest" time="0"/>
</testsuite>